***********************************
新增com--11436445
公司国外page = 1
国内并购page = 1
国内投资page = 1
新增com--11438413
新增com--11431459
新增com--11427631
新增com--11425317
新增com--11421406
公司国内page = 1
新增invse--498209
新增invse--494101
国外投资page = 1
国外并购page = 1
'code'
'code'
'code'
'code'
'code'
'code'
'code'
'code'
'code'
'code'
'code'
'code'
'code'
'code'
'code'
'code'
'code'
'code'
'code'
'code'
'code'
'code'
'code'
'code'
'code'
'code'
'code'
'code'
'code'
'code'
No JSON object could be decoded
国内并购page = 2
'code'
'code'
'code'
'code'
'code'
'code'
'code'
'code'
'code'
'code'
'code'
'code'
'code'
'code'
'code'
'code'
'code'
'code'
'code'
'code'
'code'
'code'
'code'
'code'
'code'
'code'
'code'
'code'
'code'
'code'
'code'
'code'
'code'
'code'
'code'
'code'
'code'
'code'
'code'
'code'
'code'
'code'
'code'
'code'
'code'
'code'
'code'
'code'
'code'
'code'
'code'
'code'
'code'
'code'
'code'
'code'
'code'
'code'
'code'
'code'
'code'
'code'
'code'
'code'
No JSON object could be decoded
国外投资page = 2
'code'
'code'
'code'
'code'
'code'
'code'
'code'
'code'
'code'
'code'
'code'
'code'
'code'
'code'
'code'
'code'
'code'
'code'
'code'
'code'
'code'
'code'
'code'
'code'
'code'
'code'
'code'
'code'
'code'
'code'
'code'
'code'
'code'
'code'
'code'
'code'
'code'
'code'
'code'
'code'
'code'
'code'
'code'
'code'
'code'
'code'
'code'
'code'
'code'
'code'
'code'
'code'
'code'
'code'
'code'
'code'
'code'
公司国内page = 2
新增invse--502957
'code'
'code'
'code'
'code'
'code'
国内投资page = 2
'code'
'code'
'code'
'code'
'code'
'code'
'code'
'code'
'code'
'code'
'code'
'code'
'code'
'code'
'code'
'code'
'code'
'code'
'code'
'code'
'code'
'code'
'code'
'code'
'code'
'code'
'code'
'code'
'code'
'code'
'code'
'code'
'code'
'code'
'code'
'code'
'code'
'code'
'code'
No JSON object could be decoded
国外并购page = 2
'code'
'code'
'code'
'code'
'code'
'code'
'code'
'code'
'code'
'code'
'code'
'code'
'code'
'code'
'code'
'code'
'code'
'code'
'code'
'code'
'code'
'code'
'code'
'code'
'code'
'code'
'code'
'code'
'code'
'code'
'code'
'code'
'code'
'code'
'code'
'code'
'code'
'code'
'code'
'code'
'code'
'code'
'code'
'code'
'code'
'code'
'code'
'code'
'code'
'code'
'code'
'code'
'code'
'code'
'code'
'code'
'code'
'code'
'code'
'code'
'code'
'code'
'code'
'code'
'code'
'code'
'code'
'code'
'code'
'code'
'code'
'code'
'code'
'code'
'code'
'code'
'code'
'code'
'code'
'code'
'code'
'code'
'code'
'code'
'code'
'code'
'code'
'code'
'code'
'code'
'code'
'code'
'code'
'code'
'code'
'code'
国外并购page = 3
'code'
公司国内page = 3
国内投资page = 3
国内并购page = 3
国外投资page = 3
公司国外page = 2
'code'
'code'
'code'
'code'
'code'
'code'
'code'
'code'
'code'
'code'
'code'
'code'
'code'
'code'
'code'
'code'
'code'
'code'
'code'
'code'
'code'
'code'
'code'
'code'
'code'
'code'
'code'
'code'
'code'
'code'
'code'
'code'
'code'
'code'
'code'
'code'
'code'
'code'
'code'
'code'
'code'
'code'
'code'
'code'
'code'
'code'
'code'
'code'
'code'
'code'
'code'
'code'
'code'
'code'
'code'
'code'
'code'
'code'
'code'
'code'
'code'
'code'
'code'
'code'
'code'
'code'
'code'
'code'
'code'
'code'
'code'
'code'
'code'
'code'
'code'
'code'
'code'
'code'
'code'
'code'
'code'
'code'
'code'
'code'
'code'
'code'
'code'
'code'
'code'
No JSON object could be decoded
国内并购page = 4
'code'
'code'
No JSON object could be decoded
国外投资page = 4
'code'
'code'
'code'
'code'
'code'
'code'
'code'
'code'
'code'
'code'
'code'
'code'
'code'
'code'
'code'
'code'
'code'
'code'
'code'
'code'
'code'
'code'
'code'
'code'
'code'
'code'
'code'
'code'
'code'
'code'
'code'
'code'
'code'
'code'
'code'
'code'
'code'
'code'
'code'
No JSON object could be decoded
公司国内page = 4
'code'
'code'
'code'
'code'
'code'
'code'
'code'
'code'
'code'
'code'
'code'
'code'
'code'
'code'
'code'
'code'
'code'
'code'
'code'
'code'
公司国内page = 5
公司国外page = 3
'code'
'code'
国内并购page = 5
'code'
'code'
'code'
'code'
'code'
'code'
'code'
'code'
'code'
'code'
'code'
'code'
'code'
'code'
'code'
'code'
'code'
'code'
'code'
'code'
'code'
'code'
'code'
'code'
'code'
'code'
'code'
'code'
'code'
'code'
'code'
'code'
'code'
'code'
'code'
'code'
'code'
'code'
'code'
'code'
'code'
'code'
'code'
'code'
'code'
'code'
'code'
'code'
'code'
'code'
'code'
'code'
'code'
'code'
'code'
'code'
'code'
'code'
'code'
'code'
'code'
'code'
'code'
'code'
'code'
'code'
'code'
'code'
'code'
'code'
'code'
'code'
'code'
'code'
'code'
'code'
'code'
'code'
'code'
'code'
'code'
'code'
'code'
'code'
'code'
'code'
'code'
'code'
'code'
'code'
'code'
'code'
'code'
'code'
'code'
'code'
'code'
'code'
'code'
'code'
'code'
'code'
'code'
'code'
'code'
'code'
'code'
'code'
'code'
'code'
'code'
'code'
'code'
'code'
'code'
'code'
'code'
'code'
'code'
'code'
'code'
'code'
'code'
'code'
'code'
'code'
'code'
'code'
'code'
'code'
'code'
'code'
'code'
'code'
'code'
'code'
'code'
'code'
'code'
'code'
'code'
'code'
'code'
'code'
'code'
'code'
'code'
'code'
'code'
'code'
'code'
'code'
'code'
'code'
No JSON object could be decoded
国内并购page = 6
'code'
'code'
'code'
'code'
公司国外page = 4
'code'
'code'
'code'
'code'
'code'
'code'
国内投资page = 4
'code'
'code'
'code'
'code'
'code'
'code'
'code'
'code'
'code'
'code'
'code'
'code'
'code'
'code'
'code'
'code'
'code'
'code'
'code'
'code'
'code'
'code'
'code'
'code'
'code'
'code'
'code'
'code'
'code'
'code'
'code'
'code'
'code'
'code'
'code'
'code'
'code'
'code'
'code'
'code'
'code'
'code'
'code'
'code'
'code'
No JSON object could be decoded
国内并购page = 7
No JSON object could be decoded
国外并购page = 4
'code'
'code'
'code'
'code'
'code'
'code'
'code'
'code'
No JSON object could be decoded
国外投资page = 5
'code'
'code'
'code'
'code'
'code'
'code'
'code'
'code'
'code'
'code'
'code'
'code'
'code'
'code'
'code'
'code'
'code'
'code'
'code'
'code'
'code'
'code'
'code'
'code'
'code'
'code'
'code'
'code'
'code'
'code'
'code'
'code'
'code'
'code'
'code'
'code'
'code'
'code'
'code'
No JSON object could be decoded
国内并购page = 8
'code'
'code'
'code'
No JSON object could be decoded
国外并购page = 5
'code'
'code'
'code'
'code'
'code'
'code'
'code'
'code'
'code'
'code'
'code'
'code'
'code'
'code'
'code'
'code'
'code'
'code'
'code'
'code'
'code'
'code'
'code'
'code'
'code'
'code'
'code'
'code'
'code'
'code'
'code'
'code'
'code'
'code'
'code'
'code'
'code'
'code'
'code'
'code'
'code'
'code'
'code'
'code'
'code'
'code'
'code'
'code'
'code'
'code'
'code'
'code'
'code'
国内并购page = 9
No JSON object could be decoded
国外投资page = 6
'code'
'code'
No JSON object could be decoded
国外并购page = 6
国内投资page = 5
公司国外page = 5
国内并购page = 10
'code'
'code'
'code'
'code'
'code'
'code'
'code'
'code'
'code'
'code'
'code'
'code'
'code'
'code'
'code'
'code'
'code'
'code'
'code'
'code'
'code'
'code'
'code'
'code'
'code'
'code'
'code'
'code'
'code'
'code'
'code'
'code'
'code'
'code'
'code'
'code'
'code'
'code'
'code'
'code'
'code'
'code'
'code'
'code'
'code'
'code'
'code'
'code'
'code'
'code'
'code'
'code'
'code'
'code'
'code'
'code'
'code'
'code'
'code'
'code'
'code'
'code'
'code'
'code'
'code'
'code'
'code'
'code'
'code'
'code'
'code'
'code'
'code'
'code'
'code'
'code'
'code'
'code'
'code'
'code'
'code'
'code'
'code'
'code'
'code'
'code'
'code'
'code'
'code'
'code'
'code'
'code'
'code'
'code'
'code'
No JSON object could be decoded
国内并购page = 11
'code'
'code'
'code'
No JSON object could be decoded
国外投资page = 7
'code'
'code'
'code'
'code'
'code'
'code'
'code'
'code'
No JSON object could be decoded
国外并购page = 7
'code'
'code'
'code'
'code'
'code'
'code'
'code'
'code'
'code'
'code'
'code'
'code'
'code'
'code'
'code'
'code'
'code'
'code'
'code'
'code'
'code'
'code'
'code'
'code'
'code'
'code'
'code'
'code'
'code'
'code'
'code'
'code'
'code'
'code'
'code'
'code'
'code'
'code'
'code'
'code'
'code'
No JSON object could be decoded
国内并购page = 12
'code'
'code'
'code'
'code'
'code'
'code'
'code'
'code'
'code'
'code'
'code'
'code'
No JSON object could be decoded
国外并购page = 8
'code'
'code'
'code'
'code'
'code'
'code'
No JSON object could be decoded
国外投资page = 8
'code'
'code'
'code'
'code'
'code'
'code'
'code'
'code'
'code'
'code'
'code'
'code'
'code'
'code'
'code'
'code'
'code'
'code'
'code'
国内并购page = 13
'code'
'code'
'code'
'code'
'code'
'code'
'code'
'code'
'code'
'code'
'code'
国内投资page = 6
终止请求国内投资page = 6
'code'
'code'
'code'
'code'
'code'
'code'
'code'
'code'
'code'
'code'
'code'
'code'
'code'
'code'
'code'
'code'
'code'
'code'
'code'
'code'
'code'
'code'
'code'
'code'
'code'
'code'
'code'
'code'
'code'
'code'
'code'
'code'
'code'
'code'
'code'
'code'
'code'
'code'
'code'
'code'
'code'
'code'
'code'
'code'
'code'
'code'
'code'
'code'
'code'
'code'
'code'
'code'
'code'
'code'
'code'
'code'
'code'
'code'
'code'
'code'
'code'
'code'
'code'
'code'
'code'
'code'
'code'
'code'
'code'
'code'
'code'
'code'
'code'
'code'
'code'
'code'
'code'
'code'
'code'
'code'
'code'
'code'
'code'
'code'
'code'
'code'
'code'
'code'
'code'
'code'
'code'
'code'
'code'
'code'
'code'
'code'
'code'
'code'
'code'
'code'
'code'
'code'
'code'
'code'
'code'
'code'
'code'
'code'
'code'
'code'
'code'
'code'
'code'
'code'
'code'
'code'
'code'
'code'
'code'
'code'
'code'
'code'
'code'
'code'
'code'
'code'
'code'
'code'
'code'
'code'
'code'
'code'
'code'
'code'
'code'
'code'
'code'
'code'
'code'
'code'
'code'
'code'
'code'
'code'
'code'
'code'
'code'
'code'
'code'
'code'
'code'
'code'
'code'
'code'
'code'
'code'
'code'
'code'
'code'
'code'
'code'
'code'
'code'
'code'
'code'
'code'
'code'
'code'
'code'
'code'
'code'
'code'
'code'
'code'
'code'
国外投资page = 9
'code'
'code'
'code'
公司国外page = 6
终止请求公司国外page = 6
No JSON object could be decoded
国外并购page = 9
No JSON object could be decoded
国内并购page = 14
国外投资page = 10
国外并购page = 10
国内并购page = 15
'code'
'code'
'code'
'code'
'code'
'code'
'code'
'code'
'code'
'code'
'code'
'code'
'code'
'code'
'code'
'code'
'code'
'code'
'code'
'code'
'code'
'code'
'code'
'code'
'code'
'code'
'code'
'code'
'code'
'code'
'code'
'code'
'code'
'code'
'code'
'code'
'code'
'code'
'code'
'code'
'code'
'code'
'code'
'code'
'code'
'code'
'code'
'code'
'code'
'code'
'code'
'code'
'code'
'code'
'code'
'code'
'code'
'code'
'code'
'code'
'code'
'code'
'code'
'code'
'code'
'code'
'code'
'code'
'code'
'code'
'code'
'code'
'code'
'code'
'code'
'code'
'code'
'code'
'code'
'code'
'code'
'code'
'code'
'code'
'code'
'code'
'code'
'code'
'code'
'code'
'code'
'code'
'code'
'code'
'code'
'code'
'code'
'code'
'code'
'code'
'code'
'code'
'code'
'code'
'code'
'code'
'code'
'code'
'code'
'code'
'code'
'code'
'code'
'code'
'code'
'code'
'code'
'code'
'code'
'code'
'code'
'code'
'code'
'code'
'code'
'code'
'code'
'code'
'code'
'code'
'code'
'code'
'code'
'code'
'code'
'code'
'code'
'code'
'code'
'code'
'code'
'code'
'code'
国外投资page = 11
'code'
'code'
'code'
'code'
'code'
'code'
'code'
'code'
'code'
'code'
'code'
'code'
'code'
'code'
'code'
'code'
'code'
'code'
'code'
'code'
'code'
'code'
'code'
'code'
'code'
'code'
'code'
'code'
'code'
'code'
'code'
'code'
'code'
'code'
'code'
'code'
'code'
'code'
'code'
'code'
'code'
'code'
'code'
'code'
'code'
'code'
'code'
'code'
'code'
'code'
'code'
'code'
'code'
'code'
'code'
'code'
'code'
'code'
'code'
'code'
'code'
'code'
'code'
'code'
'code'
'code'
'code'
'code'
'code'
'code'
'code'
'code'
'code'
'code'
'code'
'code'
'code'
'code'
'code'
'code'
'code'
'code'
'code'
'code'
'code'
'code'
'code'
'code'
'code'
'code'
'code'
'code'
'code'
'code'
'code'
'code'
'code'
'code'
'code'
'code'
'code'
'code'
'code'
'code'
'code'
'code'
'code'
'code'
'code'
'code'
'code'
'code'
'code'
'code'
'code'
'code'
'code'
'code'
'code'
'code'
'code'
'code'
'code'
'code'
'code'
'code'
'code'
'code'
'code'
'code'
'code'
'code'
'code'
'code'
'code'
'code'
'code'
'code'
'code'
'code'
'code'
'code'
'code'
'code'
'code'
'code'
'code'
'code'
'code'
'code'
'code'
'code'
国外投资page = 12
'code'
'code'
'code'
'code'
'code'
'code'
'code'
'code'
'code'
'code'
'code'
'code'
'code'
'code'
'code'
'code'
'code'
国外并购page = 11
'code'
'code'
国外投资page = 13